<?xml version="1.0" encoding="UTF-8"?>
<testsuite xmlns:xsi="http://www.w3.org/2001/XMLSchema-instance" xsi:noNamespaceSchemaLocation="https://maven.apache.org/surefire/maven-surefire-plugin/xsd/surefire-test-report.xsd" version="3.0.2" name="com.example.busqueda.BusquedaApplicationTests" time="16.793" tests="1" errors="0" skipped="0" failures="0">
  <properties>
[...]
</properties>
  <testcase name="contextLoads" classname="com.example.busqueda.BusquedaApplicationTests" time="1.408">
    <system-out><![CDATA[21:28:09.876 [main] INFO org.springframework.test.context.support.AnnotationConfigContextLoaderUtils -- Could not detect default configuration classes for test class [com.example.busqueda.BusquedaApplicationTests]: BusquedaApplicationTests does not declare any static, non-private, non-final, nested classes annotated with @Configuration.
21:28:10.272 [main] INFO org.springframework.boot.test.context.SpringBootTestContextBootstrapper -- Found @SpringBootConfiguration com.example.busqueda.BusquedaApplication for test class com.example.busqueda.BusquedaApplicationTests

  .   ____          _            __ _ _
 /\\ / ___'_ __ _ _(_)_ __  __ _ \ \ \ \
( ( )\___ | '_ | '_| | '_ \/ _` | \ \ \ \
 \\/  ___)| |_)| | | | | || (_| |  ) ) ) )
  '  |____| .__|_| |_|_| |_\__, | / / / /
 =========|_|==============|___/=/_/_/_/

 :: Spring Boot ::                (v3.5.3)

2026-06-23T21:28:12.939-04:00  INFO 6840 --- [busqueda] [           main] c.e.busqueda.BusquedaApplicationTests    : Starting BusquedaApplicationTests using Java 25.0.2 with PID 6840 (started by duval in C:\Users\duval\OneDrive\Escritorio\casomarketplace2\busqueda)
2026-06-23T21:28:12.942-04:00  INFO 6840 --- [busqueda] [           main] c.e.busqueda.BusquedaApplicationTests    : No active profile set, falling back to 1 default profile: "default"
2026-06-23T21:28:16.689-04:00  INFO 6840 --- [busqueda] [           main] o.s.cloud.context.scope.GenericScope     : BeanFactory id=ac71ef34-4c89-3480-8ff9-d03db136df52
2026-06-23T21:28:18.569-04:00  WARN 6840 --- [busqueda] [           main] .s.s.UserDetailsServiceAutoConfiguration : 

Using generated security password: 244330ef-e635-4094-a27e-f7e0ac9feea9

This generated password is for development use only. Your security configuration must be updated before running your application in production.

2026-06-23T21:28:18.586-04:00  INFO 6840 --- [busqueda] [           main] r$InitializeUserDetailsManagerConfigurer : Global AuthenticationManager configured with UserDetailsService bean with name inMemoryUserDetailsManager
2026-06-23T21:28:21.170-04:00  INFO 6840 --- [busqueda] [           main] o.s.cloud.commons.util.InetUtils         : Cannot determine local hostname
2026-06-23T21:28:22.230-04:00  INFO 6840 --- [busqueda] [           main] o.s.cloud.commons.util.InetUtils         : Cannot determine local hostname
2026-06-23T21:28:22.282-04:00  INFO 6840 --- [busqueda] [           main] DiscoveryClientOptionalArgsConfiguration : Eureka HTTP Client uses RestTemplate.
2026-06-23T21:28:23.311-04:00  INFO 6840 --- [busqueda] [           main] o.s.cloud.commons.util.InetUtils         : Cannot determine local hostname
2026-06-23T21:28:23.398-04:00  WARN 6840 --- [busqueda] [           main] iguration$LoadBalancerCaffeineWarnLogger : Spring Cloud LoadBalancer is currently working with the default cache. While this cache implementation is useful for development and tests, it's recommended to use Caffeine cache in production.You can switch to using Caffeine cache, by adding it and org.springframework.cache.caffeine.CaffeineCacheManager to the classpath.
2026-06-23T21:28:23.575-04:00  INFO 6840 --- [busqueda] [           main] o.s.c.n.eureka.InstanceInfoFactory       : Setting initial instance status as: STARTING
2026-06-23T21:28:23.646-04:00  INFO 6840 --- [busqueda] [           main] com.netflix.discovery.DiscoveryClient    : Initializing Eureka in region us-east-1
2026-06-23T21:28:23.665-04:00  INFO 6840 --- [busqueda] [           main] c.n.d.s.r.aws.ConfigClusterResolver      : Resolving eureka endpoints via configuration
2026-06-23T21:28:23.694-04:00  INFO 6840 --- [busqueda] [           main] com.netflix.discovery.DiscoveryClient    : Disable delta property : false
2026-06-23T21:28:23.695-04:00  INFO 6840 --- [busqueda] [           main] com.netflix.discovery.DiscoveryClient    : Single vip registry refresh property : null
2026-06-23T21:28:23.695-04:00  INFO 6840 --- [busqueda] [           main] com.netflix.discovery.DiscoveryClient    : Force full registry fetch : false
2026-06-23T21:28:23.695-04:00  INFO 6840 --- [busqueda] [           main] com.netflix.discovery.DiscoveryClient    : Application is null : false
2026-06-23T21:28:23.695-04:00  INFO 6840 --- [busqueda] [           main] com.netflix.discovery.DiscoveryClient    : Registered Applications size is zero : true
2026-06-23T21:28:23.696-04:00  INFO 6840 --- [busqueda] [           main] com.netflix.discovery.DiscoveryClient    : Application version is -1: true
2026-06-23T21:28:23.696-04:00  INFO 6840 --- [busqueda] [           main] com.netflix.discovery.DiscoveryClient    : Getting all instance registry info from the eureka server
2026-06-23T21:28:24.708-04:00  INFO 6840 --- [busqueda] [           main] com.netflix.discovery.DiscoveryClient    : The response status is 200
2026-06-23T21:28:24.712-04:00  INFO 6840 --- [busqueda] [           main] com.netflix.discovery.DiscoveryClient    : Starting heartbeat executor: renew interval is: 30
2026-06-23T21:28:24.716-04:00  INFO 6840 --- [busqueda] [           main] c.n.discovery.InstanceInfoReplicator     : InstanceInfoReplicator onDemand update allowed rate per min is 4
2026-06-23T21:28:24.723-04:00  INFO 6840 --- [busqueda] [           main] com.netflix.discovery.DiscoveryClient    : Discovery Client initialized at timestamp 1782264504719 with initial instances count: 10
2026-06-23T21:28:24.729-04:00  INFO 6840 --- [busqueda] [           main] o.s.c.n.e.s.EurekaServiceRegistry        : Registering application BUSQUEDA with eureka with status UP
2026-06-23T21:28:24.731-04:00  INFO 6840 --- [busqueda] [           main] com.netflix.discovery.DiscoveryClient    : Saw local status change event StatusChangeEvent [timestamp=1782264504731, current=UP, previous=STARTING]
2026-06-23T21:28:24.734-04:00  INFO 6840 --- [busqueda] [foReplicator-%d] com.netflix.discovery.DiscoveryClient    : DiscoveryClient_BUSQUEDA/localhost:busqueda:8084: registering service...
2026-06-23T21:28:24.754-04:00  INFO 6840 --- [busqueda] [           main] c.e.busqueda.BusquedaApplicationTests    : Started BusquedaApplicationTests in 13.844 seconds (process running for 17.307)
2026-06-23T21:28:24.829-04:00  INFO 6840 --- [busqueda] [foReplicator-%d] com.netflix.discovery.DiscoveryClient    : DiscoveryClient_BUSQUEDA/localhost:busqueda:8084 - registration status: 204
]]></system-out>
    <system-err><![CDATA[Mockito is currently self-attaching to enable the inline-mock-maker. This will no longer work in future releases of the JDK. Please add Mockito as an agent to your build as described in Mockito's documentation: https://javadoc.io/doc/org.mockito/mockito-core/latest/org.mockito/org/mockito/Mockito.html#0.3
WARNING: A Java agent has been loaded dynamically (C:\Users\duval\.m2\repository\net\bytebuddy\byte-buddy-agent\1.17.6\byte-buddy-agent-1.17.6.jar)
WARNING: If a serviceability tool is in use, please run with -XX:+EnableDynamicAgentLoading to hide this warning
WARNING: If a serviceability tool is not in use, please run with -Djdk.instrument.traceUsage for more information
WARNING: Dynamic loading of agents will be disallowed by default in a future release
]]></system-err>
  </testcase>
</testsuite>