<?xml version="1.0" encoding="UTF-8"?>
<testsuite xmlns:xsi="http://www.w3.org/2001/XMLSchema-instance" xsi:noNamespaceSchemaLocation="https://maven.apache.org/surefire/maven-surefire-plugin/xsd/surefire-test-report.xsd" version="3.0.2" name="com.example.ms_eureka.MsEurekaApplicationTests" time="14.081" tests="1" errors="0" skipped="0" failures="0" flakes="0">
  <properties>
[...]
</properties>
  <testcase name="contextLoads" classname="com.example.ms_eureka.MsEurekaApplicationTests" time="1.398">
    <system-out><![CDATA[19:01:53.958 [main] INFO org.springframework.test.context.support.AnnotationConfigContextLoaderUtils -- Could not detect default configuration classes for test class [com.example.ms_eureka.MsEurekaApplicationTests]: MsEurekaApplicationTests does not declare any static, non-private, non-final, nested classes annotated with @Configuration.
19:01:54.282 [main] INFO org.springframework.boot.test.context.SpringBootTestContextBootstrapper -- Found @SpringBootConfiguration com.example.ms_eureka.MsEurekaApplication for test class com.example.ms_eureka.MsEurekaApplicationTests

  .   ____          _            __ _ _
 /\\ / ___'_ __ _ _(_)_ __  __ _ \ \ \ \
( ( )\___ | '_ | '_| | '_ \/ _` | \ \ \ \
 \\/  ___)| |_)| | | | | || (_| |  ) ) ) )
  '  |____| .__|_| |_|_| |_\__, | / / / /
 =========|_|==============|___/=/_/_/_/

 :: Spring Boot ::               (v3.5.15)

2026-06-22T19:01:57.076-04:00  INFO 5256 --- [ms-eureka] [           main] c.e.ms_eureka.MsEurekaApplicationTests   : Starting MsEurekaApplicationTests using Java 25.0.2 with PID 5256 (started by duval in C:\Users\duval\OneDrive\Escritorio\casomarketplace2\ms-eureka)
2026-06-22T19:01:57.080-04:00  INFO 5256 --- [ms-eureka] [           main] c.e.ms_eureka.MsEurekaApplicationTests   : No active profile set, falling back to 1 default profile: "default"
2026-06-22T19:01:59.650-04:00  INFO 5256 --- [ms-eureka] [           main] o.s.cloud.context.scope.GenericScope     : BeanFactory id=666d4df5-ed0c-38c1-a23a-d2fc44ea8b8f
2026-06-22T19:02:00.729-04:00  INFO 5256 --- [ms-eureka] [           main] o.s.v.b.OptionalValidatorFactoryBean     : Failed to set up a Bean Validation provider: jakarta.validation.NoProviderFoundException: Unable to create a Configuration, because no Jakarta Bean Validation provider could be found. Add a provider like Hibernate Validator (RI) to your classpath.
2026-06-22T19:02:02.542-04:00  INFO 5256 --- [ms-eureka] [           main] o.s.cloud.commons.util.InetUtils         : Cannot determine local hostname
2026-06-22T19:02:04.333-04:00  INFO 5256 --- [ms-eureka] [           main] o.s.cloud.commons.util.InetUtils         : Cannot determine local hostname
2026-06-22T19:02:04.454-04:00  WARN 5256 --- [ms-eureka] [           main] iguration$LoadBalancerCaffeineWarnLogger : Spring Cloud LoadBalancer is currently working with the default cache. While this cache implementation is useful for development and tests, it's recommended to use Caffeine cache in production.You can switch to using Caffeine cache, by adding it and org.springframework.cache.caffeine.CaffeineCacheManager to the classpath.
2026-06-22T19:02:05.190-04:00  INFO 5256 --- [ms-eureka] [           main] o.s.c.n.eureka.InstanceInfoFactory       : Setting initial instance status as: STARTING
2026-06-22T19:02:05.245-04:00  INFO 5256 --- [ms-eureka] [           main] com.netflix.discovery.DiscoveryClient    : Initializing Eureka in region us-east-1
2026-06-22T19:02:05.249-04:00  INFO 5256 --- [ms-eureka] [           main] com.netflix.discovery.DiscoveryClient    : Client configured to neither register nor query for data.
2026-06-22T19:02:05.255-04:00  INFO 5256 --- [ms-eureka] [           main] com.netflix.discovery.DiscoveryClient    : Discovery Client initialized at timestamp 1782169325251 with initial instances count: 0
2026-06-22T19:02:05.362-04:00  INFO 5256 --- [ms-eureka] [           main] c.n.eureka.DefaultEurekaServerContext    : Initializing ...
2026-06-22T19:02:05.366-04:00  WARN 5256 --- [ms-eureka] [           main] c.n.eureka.cluster.PeerEurekaNodes       : The replica size seems to be empty. Check the route 53 DNS Registry
2026-06-22T19:02:05.382-04:00  INFO 5256 --- [ms-eureka] [           main] c.n.e.registry.AbstractInstanceRegistry  : Finished initializing remote region registries. All known remote regions: []
2026-06-22T19:02:05.382-04:00  INFO 5256 --- [ms-eureka] [           main] c.n.eureka.DefaultEurekaServerContext    : Initialized
2026-06-22T19:02:05.661-04:00  INFO 5256 --- [ms-eureka] [           main] o.s.b.a.e.web.EndpointLinksResolver      : Exposing 1 endpoint beneath base path '/actuator'
2026-06-22T19:02:05.839-04:00  INFO 5256 --- [ms-eureka] [           main] o.s.c.n.e.s.EurekaServiceRegistry        : Registering application MS-EUREKA with eureka with status UP
2026-06-22T19:02:05.941-04:00  INFO 5256 --- [ms-eureka] [           main] c.e.ms_eureka.MsEurekaApplicationTests   : Started MsEurekaApplicationTests in 10.735 seconds (process running for 14.025)
2026-06-22T19:02:05.966-04:00  INFO 5256 --- [ms-eureka] [      Thread-11] o.s.c.n.e.server.EurekaServerBootstrap   : isAws returned false
2026-06-22T19:02:05.968-04:00  INFO 5256 --- [ms-eureka] [      Thread-11] o.s.c.n.e.server.EurekaServerBootstrap   : Initialized server context
2026-06-22T19:02:05.969-04:00  INFO 5256 --- [ms-eureka] [      Thread-11] c.n.e.r.PeerAwareInstanceRegistryImpl    : Got 1 instances from neighboring DS node
2026-06-22T19:02:05.970-04:00  INFO 5256 --- [ms-eureka] [      Thread-11] c.n.e.r.PeerAwareInstanceRegistryImpl    : Renew threshold is: 1
2026-06-22T19:02:05.971-04:00  INFO 5256 --- [ms-eureka] [      Thread-11] c.n.e.r.PeerAwareInstanceRegistryImpl    : Changing status to UP
2026-06-22T19:02:05.977-04:00  INFO 5256 --- [ms-eureka] [      Thread-11] e.s.EurekaServerInitializerConfiguration : Started Eureka Server
]]></system-out>
    <system-err><![CDATA[Mockito is currently self-attaching to enable the inline-mock-maker. This will no longer work in future releases of the JDK. Please add Mockito as an agent to your build as described in Mockito's documentation: https://javadoc.io/doc/org.mockito/mockito-core/latest/org.mockito/org/mockito/Mockito.html#0.3
WARNING: A Java agent has been loaded dynamically (C:\Users\duval\.m2\repository\net\bytebuddy\byte-buddy-agent\1.17.8\byte-buddy-agent-1.17.8.jar)
WARNING: If a serviceability tool is in use, please run with -XX:+EnableDynamicAgentLoading to hide this warning
WARNING: If a serviceability tool is not in use, please run with -Djdk.instrument.traceUsage for more information
WARNING: Dynamic loading of agents will be disallowed by default in a future release
]]></system-err>
  </testcase>
</testsuite>