<?xml version="1.0" encoding="UTF-8"?>
<testsuite xmlns:xsi="http://www.w3.org/2001/XMLSchema-instance" xsi:noNamespaceSchemaLocation="https://maven.apache.org/surefire/maven-surefire-plugin/xsd/surefire-test-report.xsd" version="3.0.2" name="com.example.envio.EnvioApplicationTests" time="5.147" tests="1" errors="0" skipped="0" failures="0">
  <properties>
[...]
</properties>
  <testcase name="contextLoads" classname="com.example.envio.EnvioApplicationTests" time="0.407">
    <system-out><![CDATA[19:38:51.774 [main] INFO org.springframework.test.context.support.AnnotationConfigContextLoaderUtils -- Could not detect default configuration classes for test class [com.example.envio.EnvioApplicationTests]: EnvioApplicationTests does not declare any static, non-private, non-final, nested classes annotated with @Configuration.
19:38:51.847 [main] INFO org.springframework.boot.test.context.SpringBootTestContextBootstrapper -- Found @SpringBootConfiguration com.example.envio.EnvioApplication for test class com.example.envio.EnvioApplicationTests

  .   ____          _            __ _ _
 /\\ / ___'_ __ _ _(_)_ __  __ _ \ \ \ \
( ( )\___ | '_ | '_| | '_ \/ _` | \ \ \ \
 \\/  ___)| |_)| | | | | || (_| |  ) ) ) )
  '  |____| .__|_| |_|_| |_\__, | / / / /
 =========|_|==============|___/=/_/_/_/

 :: Spring Boot ::                (v3.5.3)

2026-06-29T19:38:52.248-04:00  INFO 25900 --- [envios] [           main] c.example.envio.EnvioApplicationTests    : Starting EnvioApplicationTests using Java 21.0.11 with PID 25900 (started by Exexd39 in C:\Users\Exexd39\Desktop\casomarketplace2\envio)
2026-06-29T19:38:52.249-04:00  INFO 25900 --- [envios] [           main] c.example.envio.EnvioApplicationTests    : No active profile set, falling back to 1 default profile: "default"
2026-06-29T19:38:53.013-04:00  INFO 25900 --- [envios] [           main] .s.d.r.c.RepositoryConfigurationDelegate : Bootstrapping Spring Data JPA repositories in DEFAULT mode.
2026-06-29T19:38:53.114-04:00  INFO 25900 --- [envios] [           main] .s.d.r.c.RepositoryConfigurationDelegate : Finished Spring Data repository scanning in 93 ms. Found 1 JPA repository interface.
2026-06-29T19:38:53.416-04:00  INFO 25900 --- [envios] [           main] o.s.cloud.context.scope.GenericScope     : BeanFactory id=516a79b8-af46-34b9-b094-916abfecf61e
2026-06-29T19:38:53.786-04:00  INFO 25900 --- [envios] [           main] o.hibernate.jpa.internal.util.LogHelper  : HHH000204: Processing PersistenceUnitInfo [name: default]
2026-06-29T19:38:53.876-04:00  INFO 25900 --- [envios] [           main] org.hibernate.Version                    : HHH000412: Hibernate ORM core version 6.6.18.Final
2026-06-29T19:38:53.927-04:00  INFO 25900 --- [envios] [           main] o.h.c.internal.RegionFactoryInitiator    : HHH000026: Second-level cache disabled
2026-06-29T19:38:54.127-04:00  INFO 25900 --- [envios] [           main] o.s.o.j.p.SpringPersistenceUnitInfo      : No LoadTimeWeaver setup: ignoring JPA class transformer
2026-06-29T19:38:54.147-04:00  INFO 25900 --- [envios] [           main] com.zaxxer.hikari.HikariDataSource       : HikariPool-1 - Starting...
2026-06-29T19:38:54.307-04:00  INFO 25900 --- [envios] [           main] com.zaxxer.hikari.pool.HikariPool        : HikariPool-1 - Added connection com.mysql.cj.jdbc.ConnectionImpl@4e789704
2026-06-29T19:38:54.310-04:00  INFO 25900 --- [envios] [           main] com.zaxxer.hikari.HikariDataSource       : HikariPool-1 - Start completed.
2026-06-29T19:38:54.333-04:00  WARN 25900 --- [envios] [           main] org.hibernate.dialect.Dialect            : HHH000511: The 5.5.5 version for [org.hibernate.dialect.MySQLDialect] is no longer supported, hence certain features may not work properly. The minimum supported version is 8.0.0. Check the community dialects project for available legacy versions.
2026-06-29T19:38:54.335-04:00  WARN 25900 --- [envios] [           main] org.hibernate.orm.deprecation            : HHH90000025: MySQLDialect does not need to be specified explicitly using 'hibernate.dialect' (remove the property setting and it will be selected by default)
2026-06-29T19:38:54.347-04:00  INFO 25900 --- [envios] [           main] org.hibernate.orm.connections.pooling    : HHH10001005: Database info:
	Database JDBC URL [Connecting through datasource 'HikariDataSource (HikariPool-1)']
	Database driver: undefined/unknown
	Database version: 5.5.5
	Autocommit mode: undefined/unknown
	Isolation level: undefined/unknown
	Minimum pool size: undefined/unknown
	Maximum pool size: undefined/unknown
2026-06-29T19:38:54.867-04:00  INFO 25900 --- [envios] [           main] o.h.e.t.j.p.i.JtaPlatformInitiator       : HHH000489: No JTA platform available (set 'hibernate.transaction.jta.platform' to enable JTA platform integration)
Hibernate: create table envios (id bigint not null auto_increment, order_id bigint not null, status varchar(255) not null, tracking_number varchar(255) not null, primary key (id)) engine=InnoDB
2026-06-29T19:38:54.894-04:00  INFO 25900 --- [envios] [           main] j.LocalContainerEntityManagerFactoryBean : Initialized JPA EntityManagerFactory for persistence unit 'default'
2026-06-29T19:38:55.237-04:00  WARN 25900 --- [envios] [           main] JpaBaseConfiguration$JpaWebConfiguration : spring.jpa.open-in-view is enabled by default. Therefore, database queries may be performed during view rendering. Explicitly configure spring.jpa.open-in-view to disable this warning
2026-06-29T19:38:55.491-04:00  WARN 25900 --- [envios] [           main] .s.s.UserDetailsServiceAutoConfiguration : 

Using generated security password: e200a20b-c958-4b8f-aeb3-cdff1d421f78

This generated password is for development use only. Your security configuration must be updated before running your application in production.

2026-06-29T19:38:55.498-04:00  INFO 25900 --- [envios] [           main] r$InitializeUserDetailsManagerConfigurer : Global AuthenticationManager configured with UserDetailsService bean with name inMemoryUserDetailsManager
2026-06-29T19:38:56.015-04:00  INFO 25900 --- [envios] [           main] DiscoveryClientOptionalArgsConfiguration : Eureka HTTP Client uses RestTemplate.
2026-06-29T19:38:56.049-04:00  WARN 25900 --- [envios] [           main] iguration$LoadBalancerCaffeineWarnLogger : Spring Cloud LoadBalancer is currently working with the default cache. While this cache implementation is useful for development and tests, it's recommended to use Caffeine cache in production.You can switch to using Caffeine cache, by adding it and org.springframework.cache.caffeine.CaffeineCacheManager to the classpath.
2026-06-29T19:38:56.097-04:00  INFO 25900 --- [envios] [           main] o.s.c.n.eureka.InstanceInfoFactory       : Setting initial instance status as: STARTING
2026-06-29T19:38:56.112-04:00  INFO 25900 --- [envios] [           main] com.netflix.discovery.DiscoveryClient    : Initializing Eureka in region us-east-1
2026-06-29T19:38:56.114-04:00  INFO 25900 --- [envios] [           main] c.n.d.s.r.aws.ConfigClusterResolver      : Resolving eureka endpoints via configuration
2026-06-29T19:38:56.119-04:00  INFO 25900 --- [envios] [           main] com.netflix.discovery.DiscoveryClient    : Disable delta property : false
2026-06-29T19:38:56.120-04:00  INFO 25900 --- [envios] [           main] com.netflix.discovery.DiscoveryClient    : Single vip registry refresh property : null
2026-06-29T19:38:56.120-04:00  INFO 25900 --- [envios] [           main] com.netflix.discovery.DiscoveryClient    : Force full registry fetch : false
2026-06-29T19:38:56.120-04:00  INFO 25900 --- [envios] [           main] com.netflix.discovery.DiscoveryClient    : Application is null : false
2026-06-29T19:38:56.120-04:00  INFO 25900 --- [envios] [           main] com.netflix.discovery.DiscoveryClient    : Registered Applications size is zero : true
2026-06-29T19:38:56.120-04:00  INFO 25900 --- [envios] [           main] com.netflix.discovery.DiscoveryClient    : Application version is -1: true
2026-06-29T19:38:56.120-04:00  INFO 25900 --- [envios] [           main] com.netflix.discovery.DiscoveryClient    : Getting all instance registry info from the eureka server
2026-06-29T19:38:56.386-04:00  INFO 25900 --- [envios] [           main] com.netflix.discovery.DiscoveryClient    : The response status is 200
2026-06-29T19:38:56.387-04:00  INFO 25900 --- [envios] [           main] com.netflix.discovery.DiscoveryClient    : Starting heartbeat executor: renew interval is: 30
2026-06-29T19:38:56.389-04:00  INFO 25900 --- [envios] [           main] c.n.discovery.InstanceInfoReplicator     : InstanceInfoReplicator onDemand update allowed rate per min is 4
2026-06-29T19:38:56.391-04:00  INFO 25900 --- [envios] [           main] com.netflix.discovery.DiscoveryClient    : Discovery Client initialized at timestamp 1782776336389 with initial instances count: 10
2026-06-29T19:38:56.393-04:00  INFO 25900 --- [envios] [           main] o.s.c.n.e.s.EurekaServiceRegistry        : Registering application ENVIOS with eureka with status UP
2026-06-29T19:38:56.393-04:00  INFO 25900 --- [envios] [           main] com.netflix.discovery.DiscoveryClient    : Saw local status change event StatusChangeEvent [timestamp=1782776336393, current=UP, previous=STARTING]
2026-06-29T19:38:56.395-04:00  INFO 25900 --- [envios] [foReplicator-%d] com.netflix.discovery.DiscoveryClient    : DiscoveryClient_ENVIOS/PC-Exequiel.mshome.net:envios:8083: registering service...
2026-06-29T19:38:56.401-04:00  INFO 25900 --- [envios] [           main] c.example.envio.EnvioApplicationTests    : Started EnvioApplicationTests in 4.369 seconds (process running for 5.833)
2026-06-29T19:38:56.432-04:00  INFO 25900 --- [envios] [foReplicator-%d] com.netflix.discovery.DiscoveryClient    : DiscoveryClient_ENVIOS/PC-Exequiel.mshome.net:envios:8083 - registration status: 204
]]></system-out>
    <system-err><![CDATA[Mockito is currently self-attaching to enable the inline-mock-maker. This will no longer work in future releases of the JDK. Please add Mockito as an agent to your build as described in Mockito's documentation: https://javadoc.io/doc/org.mockito/mockito-core/latest/org.mockito/org/mockito/Mockito.html#0.3
WARNING: A Java agent has been loaded dynamically (C:\Users\Exexd39\.m2\repository\net\bytebuddy\byte-buddy-agent\1.17.6\byte-buddy-agent-1.17.6.jar)
WARNING: If a serviceability tool is in use, please run with -XX:+EnableDynamicAgentLoading to hide this warning
WARNING: If a serviceability tool is not in use, please run with -Djdk.instrument.traceUsage for more information
WARNING: Dynamic loading of agents will be disallowed by default in a future release
]]></system-err>
  </testcase>
</testsuite>